#
# There is insufficient memory for the Java Runtime Environment to continue.
# Native memory allocation (mmap) failed to map 70778880 bytes for committing reserved memory.
# Possible reasons:
#   The system is out of physical RAM or swap space
#   In 32 bit mode, the process size limit was hit
# Possible solutions:
#   Reduce memory load on the system
#   Increase physical memory or swap space
#   Check if swap backing store is full
#   Use 64 bit Java on a 64 bit OS
#   Decrease Java heap size (-Xmx/-Xms)
#   Decrease number of Java threads
#   Decrease Java thread stack sizes (-Xss)
#   Set larger code cache with -XX:ReservedCodeCacheSize=
# This output file may be truncated or incomplete.
#
#  Out of Memory Error (os_linux.cpp:2643), pid=12123, tid=0x00007f712bdb1700
#
# JRE version: OpenJDK Runtime Environment (8.0_151-b12) (build 1.8.0_151-8u151-b12-0ubuntu0.16.04.2-b12)
# Java VM: OpenJDK 64-Bit Server VM (25.151-b12 mixed mode linux-amd64 compressed oops)
# Failed to write core dump. Core dumps have been disabled. To enable core dumping, try "ulimit -c unlimited" before starting Java again
#

---------------  T H R E A D  ---------------

Current thread (0x00007f713c021000):  GCTaskThread [stack: 0x00007f712bcb1000,0x00007f712bdb2000] [id=12128]

Stack: [0x00007f712bcb1000,0x00007f712bdb2000],  sp=0x00007f712bdb0920,  free space=1022k
Native frames: (J=compiled Java code, j=interpreted, Vv=VM code, C=native code)
V  [libjvm.so+0xa684eb]
V  [libjvm.so+0x4c579c]
V  [libjvm.so+0x8b6b50]
V  [libjvm.so+0x8b0fce]
V  [libjvm.so+0x92b806]
V  [libjvm.so+0x91ae9a]
V  [libjvm.so+0x91b0a3]
V  [libjvm.so+0x91b43d]
V  [libjvm.so+0x9268ec]
V  [libjvm.so+0x925b08]
V  [libjvm.so+0x92a111]
V  [libjvm.so+0x5a6d42]
V  [libjvm.so+0x8b4032]


---------------  P R O C E S S  ---------------

Java Threads: ( => current thread )
  0x00007f713c482000 JavaThread "ScalaTest-dispatcher" [_thread_blocked, id=12149, stack(0x00007f71281a6000,0x00007f71282a7000)]
  0x00007f713c29e800 JavaThread "Service Thread" daemon [_thread_blocked, id=12146, stack(0x00007f71283e0000,0x00007f71284e1000)]
  0x00007f713c287000 JavaThread "C1 CompilerThread1" daemon [_thread_blocked, id=12145, stack(0x00007f71286f9000,0x00007f71287fa000)]
  0x00007f713c285000 JavaThread "C2 CompilerThread0" daemon [_thread_blocked, id=12144, stack(0x00007f71287fa000,0x00007f71288fb000)]
  0x00007f713c283800 JavaThread "Monitor Ctrl-Break" daemon [_thread_in_native, id=12143, stack(0x00007f71288fb000,0x00007f71289fc000)]
  0x00007f713c130000 JavaThread "Signal Dispatcher" daemon [_thread_blocked, id=12142, stack(0x00007f7128b57000,0x00007f7128c58000)]
  0x00007f713c108800 JavaThread "Finalizer" daemon [_thread_blocked, id=12134, stack(0x00007f7128f30000,0x00007f7129031000)]
  0x00007f713c104000 JavaThread "Reference Handler" daemon [_thread_blocked, id=12132, stack(0x00007f7129031000,0x00007f7129132000)]
  0x00007f713c00b800 JavaThread "ScalaTest-run" [_thread_blocked, id=12125, stack(0x00007f7142c08000,0x00007f7142d09000)]

Other Threads:
  0x00007f713c0fc000 VMThread [stack: 0x00007f7129132000,0x00007f7129233000] [id=12131]
  0x00007f713c2a1000 WatcherThread [stack: 0x00007f71282df000,0x00007f71283e0000] [id=12147]

=>0x00007f713c021000 (exited) GCTaskThread [stack: 0x00007f712bcb1000,0x00007f712bdb2000] [id=12128]

VM state:at safepoint (normal execution)

VM Mutex/Monitor currently owned by a thread:  ([mutex/lock_event])
[0x00007f713c007940] ExpandHeap_lock - owner thread: 0x00007f713c021000
[0x00007f713c007fc0] Threads_lock - owner thread: 0x00007f713c0fc000
[0x00007f713c0084c0] Heap_lock - owner thread: 0x00007f713c00b800

Heap:
 PSYoungGen      total 228864K, used 226368K [0x00000000f1d00000, 0x0000000100000000, 0x0000000100000000)
  eden space 226304K, 100% used [0x00000000f1d00000,0x00000000ffa00000,0x00000000ffa00000)
  from space 2560K, 2% used [0x00000000ffa00000,0x00000000ffa10000,0x00000000ffc80000)
  to   space 2560K, 1% used [0x00000000ffd80000,0x00000000ffd88000,0x0000000100000000)
 ParOldGen       total 77824K, used 53129K [0x00000000d5600000, 0x00000000da200000, 0x00000000f1d00000)
  object space 77824K, 68% used [0x00000000d5600000,0x00000000d89e26e8,0x00000000da200000)
 Metaspace       used 12020K, capacity 12144K, committed 12288K, reserved 1060864K
  class space    used 1709K, capacity 1744K, committed 1792K, reserved 1048576K

Card table byte_map: [0x00007f712be96000,0x00007f712bfec000] byte_map_base: 0x00007f712b7eb000

Marking Bits: (ParMarkBitMap*) 0x00007f7141ed82c0
 Begin Bits: [0x00007f712a660000, 0x00007f712b108000)
 End Bits:   [0x00007f712b108000, 0x00007f712bbb0000)

Polling page: 0x00007f7142d2c000

CodeCache: size=245760Kb used=4267Kb max_used=4278Kb free=241493Kb
 bounds [0x00007f712c3ac000, 0x00007f712c7ec000, 0x00007f713b3ac000]
 total_blobs=1595 nmethods=1253 adapters=256
 compilation: enabled

Compilation events (10 events):
Event: 4.907 Thread 0x00007f713c287000 1251       3       java.lang.Integer::valueOf (32 bytes)
Event: 4.907 Thread 0x00007f713c287000 nmethod 1251 0x00007f712c7d7e50 code [0x00007f712c7d7fe0, 0x00007f712c7d8330]
Event: 4.927 Thread 0x00007f713c285000 1252       4       java.lang.Integer::valueOf (32 bytes)
Event: 4.927 Thread 0x00007f713c285000 nmethod 1252 0x00007f712c7d7b10 code [0x00007f712c7d7c60, 0x00007f712c7d7d78]
Event: 4.928 Thread 0x00007f713c285000 1253 %     4       jsy.lab3.Lab3Like$$anonfun$processFile$2::loop$1 @ 0 (75 bytes)
Event: 4.937 Thread 0x00007f713c285000 nmethod 1253% 0x00007f712c7dcb10 code [0x00007f712c7dcd20, 0x00007f712c7dd650]
Event: 4.944 Thread 0x00007f713c285000 1254       4       scala.Predef$::println (8 bytes)
Event: 4.948 Thread 0x00007f713c285000 nmethod 1254 0x00007f712c7d6e50 code [0x00007f712c7d7000, 0x00007f712c7d74d0]
Event: 4.948 Thread 0x00007f713c285000 1255       4       scala.collection.immutable.StringOps::format (6 bytes)
Event: 4.949 Thread 0x00007f713c285000 nmethod 1255 0x00007f712c7d9c10 code [0x00007f712c7d9d60, 0x00007f712c7d9de8]

GC Heap History (10 events):
Event: 6.833 GC heap after
Heap after GC invocations=24 (full 1):
 PSYoungGen      total 228352K, used 32K [0x00000000f1d00000, 0x0000000100000000, 0x0000000100000000)
  eden space 225280K, 0% used [0x00000000f1d00000,0x00000000f1d00000,0x00000000ff900000)
  from space 3072K, 1% used [0x00000000ff900000,0x00000000ff908000,0x00000000ffc00000)
  to   space 3072K, 0% used [0x00000000ffd00000,0x00000000ffd00000,0x0000000100000000)
 ParOldGen       total 77824K, used 53129K [0x00000000d5600000, 0x00000000da200000, 0x00000000f1d00000)
  object space 77824K, 68% used [0x00000000d5600000,0x00000000d89e26e8,0x00000000da200000)
 Metaspace       used 12020K, capacity 12144K, committed 12288K, reserved 1060864K
  class space    used 1709K, capacity 1744K, committed 1792K, reserved 1048576K
}
Event: 7.104 GC heap before
{Heap before GC invocations=25 (full 1):
 PSYoungGen      total 228352K, used 225312K [0x00000000f1d00000, 0x0000000100000000, 0x0000000100000000)
  eden space 225280K, 100% used [0x00000000f1d00000,0x00000000ff900000,0x00000000ff900000)
  from space 3072K, 1% used [0x00000000ff900000,0x00000000ff908000,0x00000000ffc00000)
  to   space 3072K, 0% used [0x00000000ffd00000,0x00000000ffd00000,0x0000000100000000)
 ParOldGen       total 77824K, used 53129K [0x00000000d5600000, 0x00000000da200000, 0x00000000f1d00000)
  object space 77824K, 68% used [0x00000000d5600000,0x00000000d89e26e8,0x00000000da200000)
 Metaspace       used 12020K, capacity 12144K, committed 12288K, reserved 1060864K
  class space    used 1709K, capacity 1744K, committed 1792K, reserved 1048576K
Event: 7.106 GC heap after
Heap after GC invocations=25 (full 1):
 PSYoungGen      total 229376K, used 32K [0x00000000f1d00000, 0x0000000100000000, 0x0000000100000000)
  eden space 226304K, 0% used [0x00000000f1d00000,0x00000000f1d00000,0x00000000ffa00000)
  from space 3072K, 1% used [0x00000000ffd00000,0x00000000ffd08000,0x0000000100000000)
  to   space 3072K, 0% used [0x00000000ffa00000,0x00000000ffa00000,0x00000000ffd00000)
 ParOldGen       total 77824K, used 53129K [0x00000000d5600000, 0x00000000da200000, 0x00000000f1d00000)
  object space 77824K, 68% used [0x00000000d5600000,0x00000000d89e26e8,0x00000000da200000)
 Metaspace       used 12020K, capacity 12144K, committed 12288K, reserved 1060864K
  class space    used 1709K, capacity 1744K, committed 1792K, reserved 1048576K
}
Event: 7.397 GC heap before
{Heap before GC invocations=26 (full 1):
 PSYoungGen      total 229376K, used 226336K [0x00000000f1d00000, 0x0000000100000000, 0x0000000100000000)
  eden space 226304K, 100% used [0x00000000f1d00000,0x00000000ffa00000,0x00000000ffa00000)
  from space 3072K, 1% used [0x00000000ffd00000,0x00000000ffd08000,0x0000000100000000)
  to   space 3072K, 0% used [0x00000000ffa00000,0x00000000ffa00000,0x00000000ffd00000)
 ParOldGen       total 77824K, used 53129K [0x00000000d5600000, 0x00000000da200000, 0x00000000f1d00000)
  object space 77824K, 68% used [0x00000000d5600000,0x00000000d89e26e8,0x00000000da200000)
 Metaspace       used 12020K, capacity 12144K, committed 12288K, reserved 1060864K
  class space    used 1709K, capacity 1744K, committed 1792K, reserved 1048576K
Event: 7.446 GC heap after
Heap after GC invocations=26 (full 1):
 PSYoungGen      total 226816K, used 32K [0x00000000f1d00000, 0x00000000fff00000, 0x0000000100000000)
  eden space 226304K, 0% used [0x00000000f1d00000,0x00000000f1d00000,0x00000000ffa00000)
  from space 512K, 6% used [0x00000000ffa00000,0x00000000ffa08000,0x00000000ffa80000)
  to   space 2560K, 0% used [0x00000000ffc80000,0x00000000ffc80000,0x00000000fff00000)
 ParOldGen       total 77824K, used 53129K [0x00000000d5600000, 0x00000000da200000, 0x00000000f1d00000)
  object space 77824K, 68% used [0x00000000d5600000,0x00000000d89e26e8,0x00000000da200000)
 Metaspace       used 12020K, capacity 12144K, committed 12288K, reserved 1060864K
  class space    used 1709K, capacity 1744K, committed 1792K, reserved 1048576K
}
Event: 7.675 GC heap before
{Heap before GC invocations=27 (full 1):
 PSYoungGen      total 226816K, used 226336K [0x00000000f1d00000, 0x00000000fff00000, 0x0000000100000000)
  eden space 226304K, 100% used [0x00000000f1d00000,0x00000000ffa00000,0x00000000ffa00000)
  from space 512K, 6% used [0x00000000ffa00000,0x00000000ffa08000,0x00000000ffa80000)
  to   space 2560K, 0% used [0x00000000ffc80000,0x00000000ffc80000,0x00000000fff00000)
 ParOldGen       total 77824K, used 53129K [0x00000000d5600000, 0x00000000da200000, 0x00000000f1d00000)
  object space 77824K, 68% used [0x00000000d5600000,0x00000000d89e26e8,0x00000000da200000)
 Metaspace       used 12020K, capacity 12144K, committed 12288K, reserved 1060864K
  class space    used 1709K, capacity 1744K, committed 1792K, reserved 1048576K
Event: 7.676 GC heap after
Heap after GC invocations=27 (full 1):
 PSYoungGen      total 228864K, used 64K [0x00000000f1d00000, 0x0000000100000000, 0x0000000100000000)
  eden space 226304K, 0% used [0x00000000f1d00000,0x00000000f1d00000,0x00000000ffa00000)
  from space 2560K, 2% used [0x00000000ffc80000,0x00000000ffc90000,0x00000000fff00000)
  to   space 2560K, 0% used [0x00000000ffa00000,0x00000000ffa00000,0x00000000ffc80000)
 ParOldGen       total 77824K, used 53129K [0x00000000d5600000, 0x00000000da200000, 0x00000000f1d00000)
  object space 77824K, 68% used [0x00000000d5600000,0x00000000d89e26e8,0x00000000da200000)
 Metaspace       used 12020K, capacity 12144K, committed 12288K, reserved 1060864K
  class space    used 1709K, capacity 1744K, committed 1792K, reserved 1048576K
}
Event: 7.907 GC heap before
{Heap before GC invocations=28 (full 1):
 PSYoungGen      total 228864K, used 226367K [0x00000000f1d00000, 0x0000000100000000, 0x0000000100000000)
  eden space 226304K, 99% used [0x00000000f1d00000,0x00000000ff9ffef8,0x00000000ffa00000)
  from space 2560K, 2% used [0x00000000ffc80000,0x00000000ffc90000,0x00000000fff00000)
  to   space 2560K, 0% used [0x00000000ffa00000,0x00000000ffa00000,0x00000000ffc80000)
 ParOldGen       total 77824K, used 53129K [0x00000000d5600000, 0x00000000da200000, 0x00000000f1d00000)
  object space 77824K, 68% used [0x00000000d5600000,0x00000000d89e26e8,0x00000000da200000)
 Metaspace       used 12020K, capacity 12144K, committed 12288K, reserved 1060864K
  class space    used 1709K, capacity 1744K, committed 1792K, reserved 1048576K
Event: 7.935 GC heap after
Heap after GC invocations=28 (full 1):
 PSYoungGen      total 228864K, used 64K [0x00000000f1d00000, 0x0000000100000000, 0x0000000100000000)
  eden space 226304K, 0% used [0x00000000f1d00000,0x00000000f1d00000,0x00000000ffa00000)
  from space 2560K, 2% used [0x00000000ffa00000,0x00000000ffa10000,0x00000000ffc80000)
  to   space 2560K, 0% used [0x00000000ffd80000,0x00000000ffd80000,0x0000000100000000)
 ParOldGen       total 77824K, used 53129K [0x00000000d5600000, 0x00000000da200000, 0x00000000f1d00000)
  object space 77824K, 68% used [0x00000000d5600000,0x00000000d89e26e8,0x00000000da200000)
 Metaspace       used 12020K, capacity 12144K, committed 12288K, reserved 1060864K
  class space    used 1709K, capacity 1744K, committed 1792K, reserved 1048576K
}
Event: 8.107 GC heap before
{Heap before GC invocations=29 (full 1):
 PSYoungGen      total 228864K, used 226368K [0x00000000f1d00000, 0x0000000100000000, 0x0000000100000000)
  eden space 226304K, 100% used [0x00000000f1d00000,0x00000000ffa00000,0x00000000ffa00000)
  from space 2560K, 2% used [0x00000000ffa00000,0x00000000ffa10000,0x00000000ffc80000)
  to   space 2560K, 0% used [0x00000000ffd80000,0x00000000ffd80000,0x0000000100000000)
 ParOldGen       total 77824K, used 53129K [0x00000000d5600000, 0x00000000da200000, 0x00000000f1d00000)
  object space 77824K, 68% used [0x00000000d5600000,0x00000000d89e26e8,0x00000000da200000)
 Metaspace       used 12020K, capacity 12144K, committed 12288K, reserved 1060864K
  class space    used 1709K, capacity 1744K, committed 1792K, reserved 1048576K

Deoptimization events (8 events):
Event: 1.370 Thread 0x00007f713c00b800 Uncommon trap: reason=unstable_if action=reinterpret pc=0x00007f712c518700 method=java.lang.String.indexOf([CII[CIII)I @ 134
Event: 1.388 Thread 0x00007f713c00b800 Uncommon trap: reason=unstable_if action=reinterpret pc=0x00007f712c546818 method=java.lang.String.startsWith(Ljava/lang/String;I)Z @ 25
Event: 1.686 Thread 0x00007f713c00b800 Uncommon trap: reason=unstable_if action=reinterpret pc=0x00007f712c5a0918 method=java.io.UnixFileSystem.normalize(Ljava/lang/String;)Ljava/lang/String; @ 60
Event: 1.949 Thread 0x00007f713c00b800 Uncommon trap: reason=unstable_if action=reinterpret pc=0x00007f712c5a54c8 method=sun.net.www.ParseUtil.encodePath(Ljava/lang/String;Z)Ljava/lang/String; @ 109
Event: 2.707 Thread 0x00007f713c00b800 Uncommon trap: reason=unstable_if action=reinterpret pc=0x00007f712c6632ec method=scala.collection.immutable.PagedSeq.page(I)Lscala/collection/immutable/Page; @ 27
Event: 2.825 Thread 0x00007f713c00b800 Uncommon trap: reason=unstable_if action=reinterpret pc=0x00007f712c67ac2c method=scala.collection.immutable.PagedSeq.page(I)Lscala/collection/immutable/Page; @ 72
Event: 4.696 Thread 0x00007f713c00b800 Uncommon trap: reason=unstable_if action=reinterpret pc=0x00007f712c66301c method=java.lang.Integer.valueOf(I)Ljava/lang/Integer; @ 10
Event: 4.719 Thread 0x00007f713c00b800 Uncommon trap: reason=unstable_if action=reinterpret pc=0x00007f712c79d040 method=java.lang.Long.getChars(JI[C)V @ 94

Internal exceptions (8 events):
Event: 0.068 Thread 0x00007f713c00b800 Exception <a 'java/lang/NoSuchMethodError': Method sun.misc.Unsafe.defineClass(Ljava/lang/String;[BII)Ljava/lang/Class; name or signature does not match> (0x00000000f1d07ca8) thrown at [/build/openjdk-8-W2Qe27/openjdk-8-8u151-b12/src/hotspot/src/share/vm/
Event: 0.068 Thread 0x00007f713c00b800 Exception <a 'java/lang/NoSuchMethodError': Method sun.misc.Unsafe.prefetchRead(Ljava/lang/Object;J)V name or signature does not match> (0x00000000f1d07f90) thrown at [/build/openjdk-8-W2Qe27/openjdk-8-8u151-b12/src/hotspot/src/share/vm/prims/jni.cpp, lin
Event: 0.529 Thread 0x00007f713c00b800 Exception <a 'java/security/PrivilegedActionException'> (0x00000000f2086d40) thrown at [/build/openjdk-8-W2Qe27/openjdk-8-8u151-b12/src/hotspot/src/share/vm/prims/jvm.cpp, line 1390]
Event: 0.529 Thread 0x00007f713c00b800 Exception <a 'java/security/PrivilegedActionException'> (0x00000000f2087138) thrown at [/build/openjdk-8-W2Qe27/openjdk-8-8u151-b12/src/hotspot/src/share/vm/prims/jvm.cpp, line 1390]
Event: 0.529 Thread 0x00007f713c00b800 Exception <a 'java/security/PrivilegedActionException'> (0x00000000f2089590) thrown at [/build/openjdk-8-W2Qe27/openjdk-8-8u151-b12/src/hotspot/src/share/vm/prims/jvm.cpp, line 1390]
Event: 0.530 Thread 0x00007f713c00b800 Exception <a 'java/security/PrivilegedActionException'> (0x00000000f2089988) thrown at [/build/openjdk-8-W2Qe27/openjdk-8-8u151-b12/src/hotspot/src/share/vm/prims/jvm.cpp, line 1390]
Event: 0.530 Thread 0x00007f713c00b800 Exception <a 'java/security/PrivilegedActionException'> (0x00000000f208a830) thrown at [/build/openjdk-8-W2Qe27/openjdk-8-8u151-b12/src/hotspot/src/share/vm/prims/jvm.cpp, line 1390]
Event: 0.530 Thread 0x00007f713c00b800 Exception <a 'java/security/PrivilegedActionException'> (0x00000000f208ac28) thrown at [/build/openjdk-8-W2Qe27/openjdk-8-8u151-b12/src/hotspot/src/share/vm/prims/jvm.cpp, line 1390]

Events (10 events):
Event: 6.833 Executing VM operation: ParallelGCFailedAllocation done
Event: 7.104 Executing VM operation: ParallelGCFailedAllocation
Event: 7.106 Executing VM operation: ParallelGCFailedAllocation done
Event: 7.397 Executing VM operation: ParallelGCFailedAllocation
Event: 7.446 Executing VM operation: ParallelGCFailedAllocation done
Event: 7.675 Executing VM operation: ParallelGCFailedAllocation
Event: 7.676 Executing VM operation: ParallelGCFailedAllocation done
Event: 7.907 Executing VM operation: ParallelGCFailedAllocation
Event: 7.935 Executing VM operation: ParallelGCFailedAllocation done
Event: 8.107 Executing VM operation: ParallelGCFailedAllocation


Dynamic libraries:
00400000-00401000 r-xp 00000000 00:19 362664                             /usr/lib/jvm/java-8-openjdk-amd64/jre/bin/java
00600000-00601000 r--p 00000000 00:19 362664                             /usr/lib/jvm/java-8-openjdk-amd64/jre/bin/java
00601000-00602000 rw-p 00001000 00:19 362664                             /usr/lib/jvm/java-8-openjdk-amd64/jre/bin/java
010a3000-010c4000 rw-p 00000000 00:00 0                                  [heap]
d5600000-da200000 rw-p 00000000 00:00 0 
de580000-f1d00000 ---p 00000000 00:00 0 
f1d00000-100000000 rw-p 00000000 00:00 0 
100000000-1001c0000 rw-p 00000000 00:00 0 
1001c0000-140000000 ---p 00000000 00:00 0 
7f70ec000000-7f70ec021000 rw-p 00000000 00:00 0 
7f70ec021000-7f70f0000000 ---p 00000000 00:00 0 
7f70f4000000-7f70f4021000 rw-p 00000000 00:00 0 
7f70f4021000-7f70f8000000 ---p 00000000 00:00 0 
7f70f8000000-7f70f8021000 rw-p 00000000 00:00 0 
7f70f8021000-7f70fc000000 ---p 00000000 00:00 0 
7f70fc000000-7f70fc4a5000 rw-p 00000000 00:00 0 
7f70fc4a5000-7f7100000000 ---p 00000000 00:00 0 
7f7104000000-7f7104606000 rw-p 00000000 00:00 0 
7f7104606000-7f7108000000 ---p 00000000 00:00 0 
7f71089ec000-7f7108a2c000 rw-p 00000000 00:00 0 
7f7108a2c000-7f7108bec000 ---p 00000000 00:00 0 
7f7108bec000-7f7108bfd000 r-xp 00000000 00:19 362638                     /usr/lib/jvm/java-8-openjdk-amd64/jre/lib/amd64/libnio.so
7f7108bfd000-7f7108dfd000 ---p 00011000 00:19 362638                     /usr/lib/jvm/java-8-openjdk-amd64/jre/lib/amd64/libnio.so
7f7108dfd000-7f7108dfe000 r--p 00011000 00:19 362638                     /usr/lib/jvm/java-8-openjdk-amd64/jre/lib/amd64/libnio.so
7f7108dfe000-7f7108dff000 rw-p 00012000 00:19 362638                     /usr/lib/jvm/java-8-openjdk-amd64/jre/lib/amd64/libnio.so
7f7108dff000-7f7108fff000 rw-p 00000000 00:00 0 
7f7108fff000-7f710c000000 rw-p 00000000 00:00 0 
7f710c000000-7f710c021000 rw-p 00000000 00:00 0 
7f710c021000-7f7110000000 ---p 00000000 00:00 0 
7f7110000000-7f7110021000 rw-p 00000000 00:00 0 
7f7110021000-7f7114000000 ---p 00000000 00:00 0 
7f7114000000-7f7114021000 rw-p 00000000 00:00 0 
7f7114021000-7f7118000000 ---p 00000000 00:00 0 
7f7118000000-7f7118021000 rw-p 00000000 00:00 0 
7f7118021000-7f711c000000 ---p 00000000 00:00 0 
7f711c000000-7f711c021000 rw-p 00000000 00:00 0 
7f711c021000-7f7120000000 ---p 00000000 00:00 0 
7f7120000000-7f7120021000 rw-p 00000000 00:00 0 
7f7120021000-7f7124000000 ---p 00000000 00:00 0 
7f7124000000-7f7124021000 rw-p 00000000 00:00 0 
7f7124021000-7f7128000000 ---p 00000000 00:00 0 
7f71281a6000-7f71281a9000 ---p 00000000 00:00 0 
7f71281a9000-7f71282a7000 rw-p 00000000 00:00 0 
7f71282df000-7f71282e0000 ---p 00000000 00:00 0 
7f71282e0000-7f71283e0000 rw-p 00000000 00:00 0 
7f71283e0000-7f71283e3000 ---p 00000000 00:00 0 
7f71283e3000-7f71284e1000 rw-p 00000000 00:00 0 
7f71284e1000-7f71284f8000 r-xp 00000000 00:19 362625                     /usr/lib/jvm/java-8-openjdk-amd64/jre/lib/amd64/libnet.so
7f71284f8000-7f71286f7000 ---p 00017000 00:19 362625                     /usr/lib/jvm/java-8-openjdk-amd64/jre/lib/amd64/libnet.so
7f71286f7000-7f71286f8000 r--p 00016000 00:19 362625                     /usr/lib/jvm/java-8-openjdk-amd64/jre/lib/amd64/libnet.so
7f71286f8000-7f71286f9000 rw-p 00017000 00:19 362625                     /usr/lib/jvm/java-8-openjdk-amd64/jre/lib/amd64/libnet.so
7f71286f9000-7f71286fc000 ---p 00000000 00:00 0 
7f71286fc000-7f71287fa000 rw-p 00000000 00:00 0 
7f71287fa000-7f71287fd000 ---p 00000000 00:00 0 
7f71287fd000-7f71288fb000 rw-p 00000000 00:00 0 
7f71288fb000-7f71288fe000 ---p 00000000 00:00 0 
7f71288fe000-7f71289fc000 rw-p 00000000 00:00 0 
7f71289fc000-7f7128a48000 r--s 00411000 00:19 27133                      /home/user/.ivy2/cache/org.scala-lang/scala-reflect/jars/scala-reflect-2.11.8.jar
7f7128a48000-7f7128a53000 r--s 0005d000 00:19 27130                      /home/user/.ivy2/cache/org.scala-lang.modules/scala-parser-combinators_2.11/bundles/scala-parser-combinators_2.11-1.0.4.jar
7f7128a53000-7f7128afe000 r--s 00945000 00:19 27128                      /home/user/.ivy2/cache/org.scalatest/scalatest_2.11/bundles/scalatest_2.11-3.0.0.jar
7f7128afe000-7f7128b57000 r--s 00522000 00:19 27127                      /home/user/.ivy2/cache/org.scala-lang/scala-library/jars/scala-library-2.11.8.jar
7f7128b57000-7f7128b5a000 ---p 00000000 00:00 0 
7f7128b5a000-7f7128c58000 rw-p 00000000 00:00 0 
7f7128c58000-7f7128f30000 r--p 00000000 00:19 462979                     /usr/lib/locale/locale-archive
7f7128f30000-7f7128f33000 ---p 00000000 00:00 0 
7f7128f33000-7f7129031000 rw-p 00000000 00:00 0 
7f7129031000-7f7129034000 ---p 00000000 00:00 0 
7f7129034000-7f7129132000 rw-p 00000000 00:00 0 
7f7129132000-7f7129133000 ---p 00000000 00:00 0 
7f7129133000-7f7129b3c000 rw-p 00000000 00:00 0 
7f7129b3c000-7f7129d0b000 r--s 03c21000 00:19 362581                     /usr/lib/jvm/java-8-openjdk-amd64/jre/lib/rt.jar
7f7129d0b000-7f712bbb0000 rw-p 00000000 00:00 0 
7f712bbb0000-7f712bbb1000 ---p 00000000 00:00 0 
7f712bbb1000-7f712bcb1000 rw-p 00000000 00:00 0 
7f712bcb1000-7f712bcb2000 ---p 00000000 00:00 0 
7f712bcb2000-7f712bdd8000 rw-p 00000000 00:00 0 
7f712bdd8000-7f712be96000 ---p 00000000 00:00 0 
7f712be96000-7f712bebc000 rw-p 00000000 00:00 0 
7f712bebc000-7f712bf79000 ---p 00000000 00:00 0 
7f712bf79000-7f712bfeb000 rw-p 00000000 00:00 0 
7f712bfeb000-7f712bffd000 rw-p 00000000 00:00 0 
7f712bffd000-7f712c3ac000 ---p 00000000 00:00 0 
7f712c3ac000-7f712c7ec000 rwxp 00000000 00:00 0 
7f712c7ec000-7f713b3ac000 ---p 00000000 00:00 0 
7f713b3ac000-7f713b3b4000 r-xp 00000000 00:19 362632                     /usr/lib/jvm/java-8-openjdk-amd64/jre/lib/amd64/libzip.so
7f713b3b4000-7f713b5b3000 ---p 00008000 00:19 362632                     /usr/lib/jvm/java-8-openjdk-amd64/jre/lib/amd64/libzip.so
7f713b5b3000-7f713b5b4000 r--p 00007000 00:19 362632                     /usr/lib/jvm/java-8-openjdk-amd64/jre/lib/amd64/libzip.so
7f713b5b4000-7f713b5b5000 rw-p 00008000 00:19 362632                     /usr/lib/jvm/java-8-openjdk-amd64/jre/lib/amd64/libzip.so
7f713b5b5000-7f713b5c0000 r-xp 00000000 00:19 461123                     /lib/x86_64-linux-gnu/libnss_files-2.23.so
7f713b5c0000-7f713b7bf000 ---p 0000b000 00:19 461123                     /lib/x86_64-linux-gnu/libnss_files-2.23.so
7f713b7bf000-7f713b7c0000 r--p 0000a000 00:19 461123                     /lib/x86_64-linux-gnu/libnss_files-2.23.so
7f713b7c0000-7f713b7c1000 rw-p 0000b000 00:19 461123                     /lib/x86_64-linux-gnu/libnss_files-2.23.so
7f713b7c1000-7f713b7c7000 rw-p 00000000 00:00 0 
7f713b7c7000-7f713b7d2000 r-xp 00000000 00:19 461127                     /lib/x86_64-linux-gnu/libnss_nis-2.23.so
7f713b7d2000-7f713b9d1000 ---p 0000b000 00:19 461127                     /lib/x86_64-linux-gnu/libnss_nis-2.23.so
7f713b9d1000-7f713b9d2000 r--p 0000a000 00:19 461127                     /lib/x86_64-linux-gnu/libnss_nis-2.23.so
7f713b9d2000-7f713b9d3000 rw-p 0000b000 00:19 461127                     /lib/x86_64-linux-gnu/libnss_nis-2.23.so
7f713b9d3000-7f713b9e9000 r-xp 00000000 00:19 461107                     /lib/x86_64-linux-gnu/libnsl-2.23.so
7f713b9e9000-7f713bbe8000 ---p 00016000 00:19 461107                     /lib/x86_64-linux-gnu/libnsl-2.23.so
7f713bbe8000-7f713bbe9000 r--p 00015000 00:19 461107                     /lib/x86_64-linux-gnu/libnsl-2.23.so
7f713bbe9000-7f713bbea000 rw-p 00016000 00:19 461107                     /lib/x86_64-linux-gnu/libnsl-2.23.so
7f713bbea000-7f713bbec000 rw-p 00000000 00:00 0 
7f713bbec000-7f713bbf4000 r-xp 00000000 00:19 461118                     /lib/x86_64-linux-gnu/libnss_compat-2.23.so
7f713bbf4000-7f713bdf3000 ---p 00008000 00:19 461118                     /lib/x86_64-linux-gnu/libnss_compat-2.23.so
7f713bdf3000-7f713bdf4000 r--p 00007000 00:19 461118                     /lib/x86_64-linux-gnu/libnss_compat-2.23.so
7f713bdf4000-7f713bdf5000 rw-p 00008000 00:19 461118                     /lib/x86_64-linux-gnu/libnss_compat-2.23.so
7f713bdf5000-7f713bdff000 r-xp 00000000 00:19 362620                     /usr/lib/jvm/java-8-openjdk-amd64/jre/lib/amd64/libinstrument.so
7f713bdff000-7f713bffe000 ---p 0000a000 00:19 362620                     /usr/lib/jvm/java-8-openjdk-amd64/jre/lib/amd64/libinstrument.so
7f713bffe000-7f713bfff000 r--p 00009000 00:19 362620                     /usr/lib/jvm/java-8-openjdk-amd64/jre/lib/amd64/libinstrument.so
7f713bfff000-7f713c000000 rw-p 0000a000 00:19 362620                     /usr/lib/jvm/java-8-openjdk-amd64/jre/lib/amd64/libinstrument.so
7f713c000000-7f713c5f7000 rw-p 00000000 00:00 0 
7f713c5f7000-7f7140000000 ---p 00000000 00:00 0 
7f7140003000-7f7140005000 r--s 0001a000 00:19 11197                      /home/user/idea/lib/idea_rt.jar
7f7140005000-7f714000f000 r--s 0009a000 00:19 27139                      /home/user/.ivy2/cache/org.scala-lang.modules/scala-xml_2.11/bundles/scala-xml_2.11-1.0.5.jar
7f714000f000-7f7140019000 r--s 000ab000 00:19 27132                      /home/user/.ivy2/cache/org.scalactic/scalactic_2.11/bundles/scalactic_2.11-3.0.0.jar
7f7140019000-7f714002c000 r--s 00346000 00:19 362645                     /usr/lib/jvm/java-8-openjdk-amd64/jre/lib/resources.jar
7f714002c000-7f7140031000 r--s 0009a000 00:19 362646                     /usr/lib/jvm/java-8-openjdk-amd64/jre/lib/jsse.jar
7f7140031000-7f7140034000 r--s 00015000 00:19 362583                     /usr/lib/jvm/java-8-openjdk-amd64/jre/lib/jce.jar
7f7140034000-7f7140039000 r--s 002f9000 00:19 362644                     /usr/lib/jvm/java-8-openjdk-amd64/jre/lib/charsets.jar
7f7140039000-7f714003c000 r--s 00018000 00:19 23440                      /home/user/.IdeaIC2017.3/config/plugins/Scala/lib/runners.jar
7f714003c000-7f7140040000 r--s 00037000 00:19 362592                     /usr/lib/jvm/java-8-openjdk-amd64/jre/lib/ext/sunpkcs11.jar
7f7140040000-7f714004a000 r--s 00116000 00:19 362591                     /usr/lib/jvm/java-8-openjdk-amd64/jre/lib/ext/localedata.jar
7f714004a000-7f7140065000 r--s 001d6000 00:19 362588                     /usr/lib/jvm/java-8-openjdk-amd64/jre/lib/ext/nashorn.jar
7f7140065000-7f7140080000 r--s 00394000 00:19 362586                     /usr/lib/jvm/java-8-openjdk-amd64/jre/lib/ext/cldrdata.jar
7f7140080000-7f71400ce000 rw-p 00000000 00:00 0 
7f71400ce000-7f71400fb000 r-xp 00000000 00:19 362613                     /usr/lib/jvm/java-8-openjdk-amd64/jre/lib/amd64/libjava.so
7f71400fb000-7f71402fa000 ---p 0002d000 00:19 362613                     /usr/lib/jvm/java-8-openjdk-amd64/jre/lib/amd64/libjava.so
7f71402fa000-7f71402fb000 r--p 0002c000 00:19 362613                     /usr/lib/jvm/java-8-openjdk-amd64/jre/lib/amd64/libjava.so
7f71402fb000-7f71402fd000 rw-p 0002d000 00:19 362613                     /usr/lib/jvm/java-8-openjdk-amd64/jre/lib/amd64/libjava.so
7f71402fd000-7f714030c000 r-xp 00000000 00:19 362630                     /usr/lib/jvm/java-8-openjdk-amd64/jre/lib/amd64/libverify.so
7f714030c000-7f714050b000 ---p 0000f000 00:19 362630                     /usr/lib/jvm/java-8-openjdk-amd64/jre/lib/amd64/libverify.so
7f714050b000-7f714050d000 r--p 0000e000 00:19 362630                     /usr/lib/jvm/java-8-openjdk-amd64/jre/lib/amd64/libverify.so
7f714050d000-7f714050e000 rw-p 00010000 00:19 362630                     /usr/lib/jvm/java-8-openjdk-amd64/jre/lib/amd64/libverify.so
7f714050e000-7f7140515000 r-xp 00000000 00:19 461128                     /lib/x86_64-linux-gnu/librt-2.23.so
7f7140515000-7f7140714000 ---p 00007000 00:19 461128                     /lib/x86_64-linux-gnu/librt-2.23.so
7f7140714000-7f7140715000 r--p 00006000 00:19 461128                     /lib/x86_64-linux-gnu/librt-2.23.so
7f7140715000-7f7140716000 rw-p 00007000 00:19 461128                     /lib/x86_64-linux-gnu/librt-2.23.so
7f7140716000-7f714072c000 r-xp 00000000 00:19 12358                      /lib/x86_64-linux-gnu/libgcc_s.so.1
7f714072c000-7f714092b000 ---p 00016000 00:19 12358                      /lib/x86_64-linux-gnu/libgcc_s.so.1
7f714092b000-7f714092c000 rw-p 00015000 00:19 12358                      /lib/x86_64-linux-gnu/libgcc_s.so.1
7f714092c000-7f7140a34000 r-xp 00000000 00:19 461106                     /lib/x86_64-linux-gnu/libm-2.23.so
7f7140a34000-7f7140c33000 ---p 00108000 00:19 461106                     /lib/x86_64-linux-gnu/libm-2.23.so
7f7140c33000-7f7140c34000 r--p 00107000 00:19 461106                     /lib/x86_64-linux-gnu/libm-2.23.so
7f7140c34000-7f7140c35000 rw-p 00108000 00:19 461106                     /lib/x86_64-linux-gnu/libm-2.23.so
7f7140c35000-7f7140da7000 r-xp 00000000 00:19 655846                     /usr/lib/x86_64-linux-gnu/libstdc++.so.6.0.21
7f7140da7000-7f7140fa7000 ---p 00172000 00:19 655846                     /usr/lib/x86_64-linux-gnu/libstdc++.so.6.0.21
7f7140fa7000-7f7140fb1000 r--p 00172000 00:19 655846                     /usr/lib/x86_64-linux-gnu/libstdc++.so.6.0.21
7f7140fb1000-7f7140fb3000 rw-p 0017c000 00:19 655846                     /usr/lib/x86_64-linux-gnu/libstdc++.so.6.0.21
7f7140fb3000-7f7140fb7000 rw-p 00000000 00:00 0 
7f7140fb7000-7f7141c09000 r-xp 00000000 00:19 362624                     /usr/lib/jvm/java-8-openjdk-amd64/jre/lib/amd64/server/libjvm.so
7f7141c09000-7f7141e09000 ---p 00c52000 00:19 362624                     /usr/lib/jvm/java-8-openjdk-amd64/jre/lib/amd64/server/libjvm.so
7f7141e09000-7f7141e9c000 r--p 00c52000 00:19 362624                     /usr/lib/jvm/java-8-openjdk-amd64/jre/lib/amd64/server/libjvm.so
7f7141e9c000-7f7141ec5000 rw-p 00ce5000 00:19 362624                     /usr/lib/jvm/java-8-openjdk-amd64/jre/lib/amd64/server/libjvm.so
7f7141ec5000-7f7141ef5000 rw-p 00000000 00:00 0 
7f7141ef5000-7f7141f0d000 r-xp 00000000 00:19 461109                     /lib/x86_64-linux-gnu/libpthread-2.23.so
7f7141f0d000-7f714210c000 ---p 00018000 00:19 461109                     /lib/x86_64-linux-gnu/libpthread-2.23.so
7f714210c000-7f714210d000 r--p 00017000 00:19 461109                     /lib/x86_64-linux-gnu/libpthread-2.23.so
7f714210d000-7f714210e000 rw-p 00018000 00:19 461109                     /lib/x86_64-linux-gnu/libpthread-2.23.so
7f714210e000-7f7142112000 rw-p 00000000 00:00 0 
7f7142112000-7f7142115000 r-xp 00000000 00:19 461112                     /lib/x86_64-linux-gnu/libdl-2.23.so
7f7142115000-7f7142314000 ---p 00003000 00:19 461112                     /lib/x86_64-linux-gnu/libdl-2.23.so
7f7142314000-7f7142315000 r--p 00002000 00:19 461112                     /lib/x86_64-linux-gnu/libdl-2.23.so
7f7142315000-7f7142316000 rw-p 00003000 00:19 461112                     /lib/x86_64-linux-gnu/libdl-2.23.so
7f7142316000-7f714232f000 r-xp 00000000 00:19 12512                      /lib/x86_64-linux-gnu/libz.so.1.2.8
7f714232f000-7f714252e000 ---p 00019000 00:19 12512                      /lib/x86_64-linux-gnu/libz.so.1.2.8
7f714252e000-7f714252f000 r--p 00018000 00:19 12512                      /lib/x86_64-linux-gnu/libz.so.1.2.8
7f714252f000-7f7142530000 rw-p 00019000 00:19 12512                      /lib/x86_64-linux-gnu/libz.so.1.2.8
7f7142530000-7f71426f0000 r-xp 00000000 00:19 461110                     /lib/x86_64-linux-gnu/libc-2.23.so
7f71426f0000-7f71428f0000 ---p 001c0000 00:19 461110                     /lib/x86_64-linux-gnu/libc-2.23.so
7f71428f0000-7f71428f4000 r--p 001c0000 00:19 461110                     /lib/x86_64-linux-gnu/libc-2.23.so
7f71428f4000-7f71428f6000 rw-p 001c4000 00:19 461110                     /lib/x86_64-linux-gnu/libc-2.23.so
7f71428f6000-7f71428fa000 rw-p 00000000 00:00 0 
7f71428fa000-7f7142907000 r-xp 00000000 00:19 362628                     /usr/lib/jvm/java-8-openjdk-amd64/jre/lib/amd64/jli/libjli.so
7f7142907000-7f7142b07000 ---p 0000d000 00:19 362628                     /usr/lib/jvm/java-8-openjdk-amd64/jre/lib/amd64/jli/libjli.so
7f7142b07000-7f7142b08000 r--p 0000d000 00:19 362628                     /usr/lib/jvm/java-8-openjdk-amd64/jre/lib/amd64/jli/libjli.so
7f7142b08000-7f7142b09000 rw-p 0000e000 00:19 362628                     /usr/lib/jvm/java-8-openjdk-amd64/jre/lib/amd64/jli/libjli.so
7f7142b09000-7f7142b2f000 r-xp 00000000 00:19 461108                     /lib/x86_64-linux-gnu/ld-2.23.so
7f7142b2f000-7f7142b31000 r--s 00001000 00:19 362594                     /usr/lib/jvm/java-8-openjdk-amd64/jre/lib/ext/dnsns.jar
7f7142b31000-7f7142b37000 r--s 0003a000 00:19 362589                     /usr/lib/jvm/java-8-openjdk-amd64/jre/lib/ext/sunjce_provider.jar
7f7142b37000-7f7142c08000 rw-p 00000000 00:00 0 
7f7142c08000-7f7142c0b000 ---p 00000000 00:00 0 
7f7142c0b000-7f7142d0d000 rw-p 00000000 00:00 0 
7f7142d0d000-7f7142d0e000 r--s 00000000 00:19 362648                     /usr/lib/jvm/java-8-openjdk-amd64/jre/lib/management-agent.jar
7f7142d0e000-7f7142d0f000 r--s 0000a000 00:19 362593                     /usr/lib/jvm/java-8-openjdk-amd64/jre/lib/ext/jaccess.jar
7f7142d0f000-7f7142d11000 r--s 00008000 00:19 362590                     /usr/lib/jvm/java-8-openjdk-amd64/jre/lib/ext/sunec.jar
7f7142d11000-7f7142d12000 r--s 00010000 00:19 362587                     /usr/lib/jvm/java-8-openjdk-amd64/jre/lib/ext/zipfs.jar
7f7142d12000-7f7142d15000 r--s 0000f000 00:19 362585                     /usr/lib/jvm/java-8-openjdk-amd64/jre/lib/ext/icedtea-sound.jar
7f7142d15000-7f7142d23000 rw-p 00000000 00:00 0 
7f7142d23000-7f7142d2b000 rw-s 00000000 00:19 656341                     /tmp/hsperfdata_user/12123
7f7142d2b000-7f7142d2c000 rw-p 00000000 00:00 0 
7f7142d2c000-7f7142d2d000 ---p 00000000 00:00 0 
7f7142d2d000-7f7142d2e000 rw-p 00000000 00:00 0 
7f7142d2e000-7f7142d2f000 r--p 00025000 00:19 461108                     /lib/x86_64-linux-gnu/ld-2.23.so
7f7142d2f000-7f7142d30000 rw-p 00026000 00:19 461108                     /lib/x86_64-linux-gnu/ld-2.23.so
7f7142d30000-7f7142d31000 rw-p 00000000 00:00 0 
7ffdfaa2e000-7ffdfaa4f000 rw-p 00000000 00:00 0                          [stack]
7ffdfab5b000-7ffdfab5e000 r--p 00000000 00:00 0                          [vvar]
7ffdfab5e000-7ffdfab60000 r-xp 00000000 00:00 0                          [vdso]
ffffffffff600000-ffffffffff601000 r-xp 00000000 00:00 0                  [vsyscall]

VM Arguments:
jvm_args: -javaagent:/home/user/idea/lib/idea_rt.jar=45623:/home/user/idea/bin -Dfile.encoding=UTF-8 
java_command: org.jetbrains.plugins.scala.testingSupport.scalaTest.ScalaTestRunner -s jsy.student.Lab3Suite -C org.jetbrains.plugins.scala.testingSupport.scalaTest.ScalaTestReporter -showProgressMessages true
java_class_path (initial): /home/user/.IdeaIC2017.3/config/plugins/Scala/lib/runners.jar:/usr/lib/jvm/java-1.8.0-openjdk-amd64/jre/lib/charsets.jar:/usr/lib/jvm/java-1.8.0-openjdk-amd64/jre/lib/ext/cldrdata.jar:/usr/lib/jvm/java-1.8.0-openjdk-amd64/jre/lib/ext/dnsns.jar:/usr/lib/jvm/java-1.8.0-openjdk-amd64/jre/lib/ext/icedtea-sound.jar:/usr/lib/jvm/java-1.8.0-openjdk-amd64/jre/lib/ext/jaccess.jar:/usr/lib/jvm/java-1.8.0-openjdk-amd64/jre/lib/ext/localedata.jar:/usr/lib/jvm/java-1.8.0-openjdk-amd64/jre/lib/ext/nashorn.jar:/usr/lib/jvm/java-1.8.0-openjdk-amd64/jre/lib/ext/sunec.jar:/usr/lib/jvm/java-1.8.0-openjdk-amd64/jre/lib/ext/sunjce_provider.jar:/usr/lib/jvm/java-1.8.0-openjdk-amd64/jre/lib/ext/sunpkcs11.jar:/usr/lib/jvm/java-1.8.0-openjdk-amd64/jre/lib/ext/zipfs.jar:/usr/lib/jvm/java-1.8.0-openjdk-amd64/jre/lib/jce.jar:/usr/lib/jvm/java-1.8.0-openjdk-amd64/jre/lib/jsse.jar:/usr/lib/jvm/java-1.8.0-openjdk-amd64/jre/lib/management-agent.jar:/usr/lib/jvm/java-1.8.0-openjdk-amd64/jre/lib/resources.jar:/usr/lib/jvm/java-1.8.0-openjdk-amd64/jre/lib/rt.jar:/home/user/Desktop/Labs/lab3/target/scala-2.11/test-classes:/home/user/Desktop/Labs/lab3/target/scala-2.11/classes:/home/user/.ivy2/cache/org.scala-lang/scala-library/jars/scala-library-2.11.8.jar:/home/user/.ivy2/cache/org.scalatest/scalatest_2.11/bundles/scalatest_2.11-3.0.0.jar:/home/user/.ivy2/cache/org.scalactic/scalactic_2.11/bundles/scalactic_2.11-3.0.0.jar:/home/user/.ivy2/cache/org.scala-lang.modules/scala-xml_2.11/bundles/scala-xml_2.11-1.0.5.jar:/home/user/.ivy2/cache/org.scala-lang.modules/scala-parser-combinators_2.11/bundles/scala-parser-combinators_2.11-1.0.4.jar:/home/user/.ivy2/cache/org.scala-lang/scala-reflect/jars/scala-reflect-2.11.8.jar:/home/user/idea/lib/idea_rt.jar
Launcher Type: SUN_STANDARD

Environment Variables:
PATH=/home/user/bin:/home/user/.local/bin:/usr/local/sbin:/usr/local/bin:/usr/sbin:/usr/bin:/sbin:/bin:/usr/games:/usr/local/games:/snap/bin
SHELL=/bin/bash
DISPLAY=:0.0

Signal Handlers:
SIGSEGV: [libjvm.so+0xa69040], sa_mask[0]=11111111011111111101111111111110, sa_flags=SA_RESTART|SA_SIGINFO
SIGBUS: [libjvm.so+0xa69040], sa_mask[0]=11111111011111111101111111111110, sa_flags=SA_RESTART|SA_SIGINFO
SIGFPE: [libjvm.so+0x8b2170], sa_mask[0]=11111111011111111101111111111110, sa_flags=SA_RESTART|SA_SIGINFO
SIGPIPE: [libjvm.so+0x8b2170], sa_mask[0]=11111111011111111101111111111110, sa_flags=SA_RESTART|SA_SIGINFO
SIGXFSZ: [libjvm.so+0x8b2170], sa_mask[0]=11111111011111111101111111111110, sa_flags=SA_RESTART|SA_SIGINFO
SIGILL: [libjvm.so+0x8b2170], sa_mask[0]=11111111011111111101111111111110, sa_flags=SA_RESTART|SA_SIGINFO
SIGUSR1: SIG_DFL, sa_mask[0]=00000000000000000000000000000000, sa_flags=none
SIGUSR2: [libjvm.so+0x8b2020], sa_mask[0]=00100000000000000000000000000000, sa_flags=SA_RESTART|SA_SIGINFO
SIGHUP: [libjvm.so+0x8b24f0], sa_mask[0]=11111111011111111101111111111110, sa_flags=SA_RESTART|SA_SIGINFO
SIGINT: [libjvm.so+0x8b24f0], sa_mask[0]=11111111011111111101111111111110, sa_flags=SA_RESTART|SA_SIGINFO
SIGTERM: [libjvm.so+0x8b24f0], sa_mask[0]=11111111011111111101111111111110, sa_flags=SA_RESTART|SA_SIGINFO
SIGQUIT: [libjvm.so+0x8b24f0], sa_mask[0]=11111111011111111101111111111110, sa_flags=SA_RESTART|SA_SIGINFO


---------------  S Y S T E M  ---------------

OS:DISTRIB_ID=Ubuntu
DISTRIB_RELEASE=16.04
DISTRIB_CODENAME=xenial
DISTRIB_DESCRIPTION="Ubuntu 16.04.3 LTS"

uname:Linux 4.13.0-32-generic #35~16.04.1-Ubuntu SMP Thu Jan 25 10:13:43 UTC 2018 x86_64
libc:glibc 2.23 NPTL 2.23 
rlimit: STACK 8192k, CORE 0k, NPROC 10684, NOFILE 1048576, AS infinity
load average:1.35 0.74 0.61

/proc/meminfo:
MemTotal:        2788136 kB
MemFree:           69468 kB
MemAvailable:      19492 kB
Buffers:               8 kB
Cached:            54752 kB
SwapCached:            0 kB
Active:          2458024 kB
Inactive:          44488 kB
Active(anon):    2449020 kB
Inactive(anon):    29664 kB
Active(file):       9004 kB
Inactive(file):    14824 kB
Unevictable:          32 kB
Mlocked:              32 kB
SwapTotal:             0 kB
SwapFree:              0 kB
Dirty:              1044 kB
Writeback:            28 kB
AnonPages:       2447844 kB
Mapped:            33780 kB
Shmem:             30872 kB
Slab:              82100 kB
SReclaimable:      32600 kB
SUnreclaim:        49500 kB
KernelStack:       11648 kB
PageTables:        31488 kB
NFS_Unstable:          0 kB
Bounce:                0 kB
WritebackTmp:          0 kB
CommitLimit:     1394068 kB
Committed_AS:    5326908 kB
VmallocTotal:   34359738367 kB
VmallocUsed:           0 kB
VmallocChunk:          0 kB
HardwareCorrupted:     0 kB
AnonHugePages:         0 kB
ShmemHugePages:        0 kB
ShmemPmdMapped:        0 kB
CmaTotal:              0 kB
CmaFree:               0 kB
HugePages_Total:       0
HugePages_Free:        0
HugePages_Rsvd:        0
HugePages_Surp:        0
Hugepagesize:       2048 kB
DirectMap4k:      143232 kB
DirectMap2M:     3002368 kB
DirectMap1G:           0 kB


CPU:total 2 (initial active 2) (1 cores per cpu, 1 threads per core) family 6 model 142 stepping 9, cmov, cx8, fxsr, mmx, sse, sse2, sse3, ssse3, sse4.1, sse4.2, popcnt, avx, avx2, aes, clmul, erms, 3dnowpref, lzcnt, tsc, tscinvbit, bmi1, bmi2, adx

/proc/cpuinfo:
processor	: 0
vendor_id	: GenuineIntel
cpu family	: 6
model		: 142
model name	: Intel(R) Core(TM) i7-7500U CPU @ 2.70GHz
stepping	: 9
microcode	: 0x62
cpu MHz		: 2903.999
cache size	: 4096 KB
physical id	: 0
siblings	: 1
core id		: 0
cpu cores	: 1
apicid		: 0
initial apicid	: 0
fpu		: yes
fpu_exception	: yes
cpuid level	: 22
wp		: yes
flags		: fpu vme de pse tsc msr pae mce cx8 apic sep mtrr pge mca cmov pat pse36 clflush mmx fxsr sse sse2 ss syscall nx pdpe1gb rdtscp lm constant_tsc arch_perfmon nopl xtopology tsc_reliable nonstop_tsc cpuid pni pclmulqdq ssse3 fma cx16 pcid sse4_1 sse4_2 x2apic movbe popcnt tsc_deadline_timer aes xsave avx f16c rdrand hypervisor lahf_lm abm 3dnowprefetch cpuid_fault invpcid_single pti fsgsbase tsc_adjust bmi1 avx2 smep bmi2 invpcid rdseed adx smap xsaveopt arat
bugs		: cpu_meltdown spectre_v1 spectre_v2
bogomips	: 5807.99
clflush size	: 64
cache_alignment	: 64
address sizes	: 42 bits physical, 48 bits virtual
power management:

processor	: 1
vendor_id	: GenuineIntel
cpu family	: 6
model		: 142
model name	: Intel(R) Core(TM) i7-7500U CPU @ 2.70GHz
stepping	: 9
microcode	: 0x62
cpu MHz		: 2903.999
cache size	: 4096 KB
physical id	: 2
siblings	: 1
core id		: 0
cpu cores	: 1
apicid		: 2
initial apicid	: 2
fpu		: yes
fpu_exception	: yes
cpuid level	: 22
wp		: yes
flags		: fpu vme de pse tsc msr pae mce cx8 apic sep mtrr pge mca cmov pat pse36 clflush mmx fxsr sse sse2 ss syscall nx pdpe1gb rdtscp lm constant_tsc arch_perfmon nopl xtopology tsc_reliable nonstop_tsc cpuid pni pclmulqdq ssse3 fma cx16 pcid sse4_1 sse4_2 x2apic movbe popcnt tsc_deadline_timer aes xsave avx f16c rdrand hypervisor lahf_lm abm 3dnowprefetch cpuid_fault invpcid_single pti fsgsbase tsc_adjust bmi1 avx2 smep bmi2 invpcid rdseed adx smap xsaveopt arat
bugs		: cpu_meltdown spectre_v1 spectre_v2
bogomips	: 5807.99
clflush size	: 64
cache_alignment	: 64
address sizes	: 42 bits physical, 48 bits virtual
power management:



Memory: 4k page, physical 2788136k(69468k free), swap 0k(0k free)

vm_info: OpenJDK 64-Bit Server VM (25.151-b12) for linux-amd64 JRE (1.8.0_151-8u151-b12-0ubuntu0.16.04.2-b12), built on Oct 27 2017 21:59:02 by "buildd" with gcc 5.4.0 20160609

time: Wed Feb 21 18:34:43 2018
elapsed time: 8 seconds (0d 0h 0m 8s)

